<?xml version="1.0" encoding="UTF-8"?>
<!-- Generated by org.testng.reporters.JUnitReportReporter -->
<testsuite hostname="DESKTOP-EA573AN" failures="0" tests="1" name="com.test.Login_Test1" time="8.474" errors="0" timestamp="2023-03-09T21:13:32 IST" skipped="0">
  <testcase classname="com.test.Login_Test1" name="verify_LoginPage" time="8.474"/>
  <system-out/>
</testsuite> <!-- com.test.Login_Test1 -->
