<?xml version="1.0" encoding="UTF-8"?>
<!-- Generated by org.testng.reporters.JUnitReportReporter -->
<testsuite hostname="DESKTOP-EA573AN" failures="0" tests="1" name="com.test.Register_Test" time="21.886" errors="0" timestamp="2023-03-10T14:12:34 IST" skipped="0">
  <testcase classname="com.test.Register_Test" name="Register_User" time="21.886"/>
  <system-out/>
</testsuite> <!-- com.test.Register_Test -->
