<?xml version="1.0" encoding="UTF-8"?>
<!-- Generated by org.testng.reporters.JUnitReportReporter -->
<testsuite hostname="DESKTOP-EA573AN" failures="0" tests="1" name="com.test.Login_Test1" time="12.363" errors="0" timestamp="2023-03-10T23:02:04 IST" skipped="0">
  <testcase classname="com.test.Login_Test1" name="verify_LoginPage" time="12.363"/>
  <system-out/>
</testsuite> <!-- com.test.Login_Test1 -->
